#
# A fatal error has been detected by the Java Runtime Environment:
#
#  SIGSEGV (0xb) at pc=0x63424188, pid=3237, tid=3238
#
# JRE version: OpenJDK Runtime Environment (17.0.9+9) (build 17.0.9+9-Raspbian-1deb12u1rpt1)
# Java VM: OpenJDK Client VM (17.0.9+9-Raspbian-1deb12u1rpt1, mixed mode, emulated-client, serial gc, linux-arm)
# Problematic frame:
# C  [libpigpio.so.1+0x14188]  gpioWrite+0x138
#
# No core dump will be written. Core dumps have been disabled. To enable core dumping, try "ulimit -c unlimited" before starting Java again
#
# If you would like to submit a bug report, please visit:
#   Unknown
# The crash happened outside the Java Virtual Machine in native code.
# See problematic frame for where to report the bug.
#

---------------  S U M M A R Y ------------

Command Line: target/school-work-0.0.1-SNAPSHOT.jar

Host: rev 4 (v7l), 4 cores, 921M, Raspbian GNU/Linux 12 (bookworm)
Time: Sun Feb 25 17:28:28 2024 EST elapsed time: 62.875760 seconds (0d 0h 1m 2s)

---------------  T H R E A D  ---------------

Current thread (0x761102d0):  JavaThread "main" [_thread_in_native, id=3238, stack(0x762f0000,0x76340000)]

Stack: [0x762f0000,0x76340000],  sp=0x7633e930,  free space=314k
Native frames: (J=compiled Java code, j=interpreted, Vv=VM code, C=native code)
C  [libpigpio.so.1+0x14188]  gpioWrite+0x138
C  0x7633ea4c

Java frames: (J=compiled Java code, j=interpreted, Vv=VM code)
j  com.pi4j.library.pigpio.internal.PIGPIO.gpioWrite(II)I+0
j  com.pi4j.library.pigpio.impl.PiGpioNativeImpl.gpioWrite(ILcom/pi4j/library/pigpio/PiGpioState;)V+53
j  com.pi4j.plugin.pigpio.provider.gpio.digital.PiGpioDigitalOutput.state(Lcom/pi4j/io/gpio/digital/DigitalState;)Lcom/pi4j/io/gpio/digital/DigitalOutput;+15
j  com.pi4j.io.gpio.digital.DigitalOutput.high()Lcom/pi4j/io/gpio/digital/DigitalOutput;+4
j  main.Main.main([Ljava/lang/String;)V+449
v  ~StubRoutines::call_stub

siginfo: si_signo: 11 (SIGSEGV), si_code: 1 (SEGV_MAPERR), si_addr: 0x00000007

Registers:
  r0  = 0x00000001
  r1  = 0xffffffff
  r2  = 0x0000000a
  r3  = 0x00000002
  r4  = 0x00000002
  r5  = 0x00000001
  r6  = 0x76f6ad7c
  r7  = 0x00400000
  r8  = 0x00000007
  r9  = 0x0000002c
  r10 = 0x761102d0
  fp  = 0x7633ea14
  r12 = 0x00000007
  sp  = 0x7633e930
  lr  = 0x73f9e23c
  pc  = 0x63424188
  cpsr = 0x20000010


Register to memory mapping:

  r0  = 0x00000001 is an unknown value
  r1  = 0xffffffff is an unknown value
  r2  = 0x0000000a is an unknown value
  r3  = 0x00000002 is an unknown value
  r4  = 0x00000002 is an unknown value
  r5  = 0x00000001 is an unknown value
  r6  = 0x76f6ad7c: __stack_chk_guard+0x00000000 in /lib/ld-linux-armhf.so.3 at 0x76f43000
  r7  = 0x00400000 is an unknown value
  r8  = 0x00000007 is an unknown value
  r9  = 0x0000002c is an unknown value
  r10 = 0x761102d0 is a thread
  fp  = 0x7633ea14 is pointing into the stack for thread: 0x761102d0
  r12 = 0x00000007 is an unknown value
  sp  = 0x7633e930 is pointing into the stack for thread: 0x761102d0
  lr  = 0x73f9e23c is at code_begin+540 in an Interpreter codelet
method entry point (kind = native)  [0x73f9e020, 0x73f9e370]  848 bytes
  pc  = 0x63424188: gpioWrite+0x00000138 in /lib/libpigpio.so.1 at 0x63410000


Top of Stack: (sp=0x7633e930)
0x7633e930:   647077e8 7633e95c 65605d88 761102d0
0x7633e940:   65a4f020 76d1c6a0 761102d0 00000000
0x7633e950:   7633e9b8 76d1c6a0 7633e978 fffffffe
0x7633e960:   7633e9ac 76a8bcf4 76110090 faacd200
0x7633e970:   73fb4790 73e139e8 73f9ce38 00000000
0x7633e980:   7633ea24 644e74b8 761102d0 73f9e23c
0x7633e990:   761102d0 76d1c6a0 00000003 640ecec8
0x7633e9a0:   fffffffe 766102c4 7633e9f4 768cd148
0x7633e9b0:   00000016 7633e9b4 644a7c40 7633e9f0
0x7633e9c0:   644ad838 00000000 6a3b8d20 644a7cb8
0x7633e9d0:   00000000 7633e9e8 7633ea18 73f9bdcc
0x7633e9e0:   00000035 00000000 00000000 00000016
0x7633e9f0:   7633e9f0 00000000 7633ea24 644ef3d0
0x7633ea00:   00000000 65a42040 644e74b8 00000000
0x7633ea10:   7633ea20 7633ea4c 73f9bc7c 65a42040
0x7633ea20:   00000001 00000016 7633ea28 644a322d
0x7633ea30:   7633ea60 644ae050 00000000 6a3b8d80
0x7633ea40:   644a32b0 7633ea20 7633ea58 7633ea88
0x7633ea50:   73f9c1b4 00000000 65a4f008 00000016
0x7633ea60:   6a3592a8 7633ea64 64709c37 7633ea98
0x7633ea70:   6470bf40 00000000 65a40c78 64709ca0
0x7633ea80:   7633ea58 7633ea94 7633eac0 73f9c010
0x7633ea90:   00000000 65a4f3b0 65a4bda0 7633ea9c
0x7633eaa0:   6445701c 7633eac8 64704b40 00000000
0x7633eab0:   6a3bb180 64457040 7633ea94 7633eac8
0x7633eac0:   7633eaf0 73f9c010 65a4bda0 7633eacc
0x7633ead0:   644009b1 7633eb24 64400f90 00000000
0x7633eae0:   6a3beeb0 64400ae0 7633eac8 7633eb24
0x7633eaf0:   7633eb28 73f99244 00000000 0000000f
0x7633eb00:   65a4bde0 65a4bda0 65a4bd88 65a4bd48
0x7633eb10:   65a4bd08 65a4bcf0 65a4bce0 6a3e1b60
0x7633eb20:   6a3e1b38 6a3e1b28 7633ebd8 7633ed00 

Instructions: (pc=0x63424188)
0x63424088:   02 00 00 9a 34 10 92 e5 01 1b 11 e2 49 00 00 0a
0x63424098:   44 33 9f e5 03 30 8f e0 0c 37 13 e5 00 00 53 e3
0x634240a8:   9e 00 00 0a 35 00 54 e3 b1 00 00 8a 01 00 55 e3
0x634240b8:   84 00 00 8a 84 90 a0 e1 20 33 9f e5 04 10 89 e0
0x634240c8:   03 30 8f e0 01 31 83 e0 14 23 9f e5 b8 36 d3 e5
0x634240d8:   01 70 a0 e3 02 20 8f e0 1f 00 04 e2 07 00 53 e1
0x634240e8:   3c 10 92 e5 17 70 a0 e1 a4 82 a0 e1 19 00 00 0a
0x634240f8:   00 00 55 e3 0a 20 88 02 07 20 88 12 02 30 43 e2
0x63424108:   02 71 81 e7 03 00 53 e3 03 f1 8f 90 0b 00 00 ea
0x63424118:   5c 00 00 ea 4b 00 00 ea 00 00 00 ea ff ff ff ea
0x63424128:   c0 22 9f e5 04 00 89 e0 02 20 8f e0 6b 3e 82 e2
0x63424138:   08 30 83 e2 00 31 83 e0 00 20 a0 e3 b2 20 c3 e1
0x63424148:   a4 32 9f e5 04 90 89 e0 03 30 8f e0 09 91 83 e0
0x63424158:   01 20 a0 e3 b8 26 c9 e5 90 32 9f e5 01 00 a0 e3
0x63424168:   07 c0 a0 e3 93 24 83 e0 00 00 55 e3 a3 31 a0 e1
0x63424178:   0a 80 88 02 03 21 83 e0 07 80 88 12 12 40 44 e0
0x63424188:   03 21 91 e7 14 40 84 e0 1c 24 c2 e1 10 44 82 e1
0x63424198:   05 00 a0 01 00 00 a0 13 03 41 81 e7 08 71 81 e7
0x634241a8:   3c 20 9d e5 00 30 96 e5 03 00 52 e1 86 00 00 1a
0x634241b8:   40 d0 8d e2 f0 87 bd e8 34 32 9f e5 34 82 9f e5
0x634241c8:   08 a0 8d e2 03 30 97 e7 08 80 8f e0 0a 00 a0 e1
0x634241d8:   00 90 93 e5 94 bf ff eb 08 31 98 e5 08 20 9d e5
0x634241e8:   03 00 52 e1 0b 00 00 0a 0a 00 a0 e1 10 a0 8d e2
0x634241f8:   0a 10 a0 e1 50 bf ff eb fc 21 9f e5 0a 30 a0 e1
0x63424208:   02 20 8f e0 20 10 a0 e3 11 0e 88 e2 c2 bf ff eb
0x63424218:   08 30 9d e5 08 31 88 e5 e0 31 9f e5 e0 21 9f e5
0x63424228:   e0 11 9f e5 03 30 8f e0 02 20 8f e0 f0 40 cd e1
0x63424238:   09 00 a0 e1 0e 3d 83 e2 11 2e 82 e2 01 10 8f e0
0x63424248:   09 c0 ff eb 91 ff ff ea bc 21 9f e5 04 a0 89 e0
0x63424258:   02 20 8f e0 6b 3e 82 e2 08 30 83 e2 0a a1 83 e0
0x63424268:   00 20 a0 e3 b2 10 da e1 04 00 a0 e1 8a cb ff eb
0x63424278:   98 31 9f e5 00 20 a0 e3 03 30 8f e0 b2 20 ca e1 


Stack slot to memory mapping:
stack at sp + 0 slots: 0x647077e8 is a pointer to class: 
stack at sp + 1 slots: 0x7633e95c is pointing into the stack for thread: 0x761102d0
stack at sp + 2 slots: 0x65605d88 is an oop: [Lcom.pi4j.library.pigpio.PiGpioState; 
{0x65605d88} - klass: 'com/pi4j/library/pigpio/PiGpioState'[]
 - length: 3
stack at sp + 3 slots: 0x761102d0 is a thread
stack at sp + 4 slots: 0x65a4f020 is an oop: [Lcom.pi4j.library.pigpio.PiGpioState; 
{0x65a4f020} - klass: 'com/pi4j/library/pigpio/PiGpioState'[]
 - length: 3
stack at sp + 5 slots: 0x76d1c6a0: <offset 0x0078a6a0> in /usr/lib/jvm/java-17-openjdk-armhf/lib/client/libjvm.so at 0x76592000
stack at sp + 6 slots: 0x761102d0 is a thread
stack at sp + 7 slots: 0x0 is NULL


---------------  P R O C E S S  ---------------

Threads class SMR info:
_java_thread_list=0x65402f18, length=12, elements={
0x761102d0, 0x7618f7f8, 0x76190998, 0x761b1f60,
0x761b2f90, 0x761b3f98, 0x761b5010, 0x761a8460,
0x639210f8, 0x639267d8, 0x65200cc0, 0x65402338
}

Java Threads: ( => current thread )
=>0x761102d0 JavaThread "main" [_thread_in_native, id=3238, stack(0x762f0000,0x76340000)]
  0x7618f7f8 JavaThread "Reference Handler" daemon [_thread_blocked, id=3240, stack(0x655b0000,0x65600000)]
  0x76190998 JavaThread "Finalizer" daemon [_thread_blocked, id=3241, stack(0x65560000,0x655b0000)]
  0x761b1f60 JavaThread "Signal Dispatcher" daemon [_thread_blocked, id=3242, stack(0x65510000,0x65560000)]
  0x761b2f90 JavaThread "Service Thread" daemon [_thread_blocked, id=3243, stack(0x650b0000,0x65100000)]
  0x761b3f98 JavaThread "Monitor Deflation Thread" daemon [_thread_blocked, id=3244, stack(0x65060000,0x650b0000)]
  0x761b5010 JavaThread "C1 CompilerThread0" daemon [_thread_blocked, id=3245, stack(0x63b06000,0x63b86000)]
  0x761a8460 JavaThread "Sweeper thread" daemon [_thread_blocked, id=3246, stack(0x65010000,0x65060000)]
  0x639210f8 JavaThread "Notification Thread" daemon [_thread_blocked, id=3247, stack(0x637b0000,0x63800000)]
  0x639267d8 JavaThread "Common-Cleaner" daemon [_thread_blocked, id=3249, stack(0x636df000,0x6372f000)]
  0x65200cc0 JavaThread "SIGINT handler" daemon [_thread_blocked, id=3253, stack(0x62f5b000,0x62fab000)]
  0x65402338 JavaThread "pi4j-shutdown" [_thread_in_native, id=3254, stack(0x62f0b000,0x62f5b000)]

Other Threads:
  0x76187f98 VMThread "VM Thread" [stack: 0x73e49000,0x73ec9000] [id=3239]
  0x63922360 WatcherThread [stack: 0x63730000,0x637b0000] [id=3248]

Threads with active compile tasks:

VM state: not at safepoint (normal execution)

VM Mutex/Monitor currently owned by a thread: None

GC Precious Log:
 CPUs: 4 total, 4 available
 Memory: 921M
 Large Page Support: Disabled
 NUMA Support: Disabled
 Compressed Oops: Disabled
 Heap Min Capacity: 6M
 Heap Initial Capacity: 16M
 Heap Max Capacity: 232M
 Pre-touch: Disabled

Heap:
 def new generation   total 4864K, used 582K [0x65600000, 0x65b40000, 0x6a340000)
  eden space 4352K,   2% used [0x65600000, 0x6561f928, 0x65a40000)
  from space 512K,  89% used [0x65a40000, 0x65ab2030, 0x65ac0000)
  to   space 512K,   0% used [0x65ac0000, 0x65ac0000, 0x65b40000)
 tenured generation   total 11008K, used 988K [0x6a340000, 0x6ae00000, 0x73e00000)
   the space 11008K,   8% used [0x6a340000, 0x6a437358, 0x6a437400, 0x6ae00000)
 Metaspace       used 6604K, committed 6720K, reserved 16384K

Card table byte_map: [0x73f24000,0x73f99000] _byte_map_base: 0x73bf9000

Polling page: 0x76f37000

Metaspace:

Usage:
    6.45 MB used.

Virtual space:
     16.00 MB reserved,       6.56 MB ( 41%) committed,  1 nodes.

Chunk freelists:
8.91 MB

MaxMetaspaceSize: unlimited
No class space
Initial GC threshold: 16.00 MB
Current GC threshold: 16.00 MB
CDS: off
MetaspaceReclaimPolicy: balanced
 - commit_granule_bytes: 65536.
 - commit_granule_words: 16384.
 - virtual_space_node_default_size: 4194304.
 - enlarge_chunks_in_place: 1.
 - new_chunks_are_fully_committed: 0.
 - uncommit_free_chunks: 1.
 - use_allocation_guard: 0.
 - handle_deallocations: 1.


Internal statistics:

num_allocs_failed_limit: 0.
num_arena_births: 30.
num_arena_deaths: 0.
num_vsnodes_births: 1.
num_vsnodes_deaths: 0.
num_space_committed: 105.
num_space_uncommitted: 0.
num_chunks_returned_to_freelist: 0.
num_chunks_taken_from_freelist: 86.
num_chunk_merges: 0.
num_chunk_splits: 61.
num_chunks_enlarged: 56.
num_inconsistent_stats: 0.

CodeCache: size=32768Kb used=780Kb max_used=780Kb free=31987Kb
 bounds [0x73f99000, 0x74061000, 0x75f99000]
 total_blobs=585 nmethods=394 adapters=126
 compilation: enabled
              stopped_count=0, restarted_count=0
 full_count=0

Compilation events (20 events):
Event: 56.167 Thread 0x761b5010  383             java.lang.invoke.Invokers$Holder::linkToTargetMethod (10 bytes)
Event: 56.167 Thread 0x761b5010 nmethod 383 0x7405a008 code [0x7405a110, 0x7405a1f0]
Event: 56.667 Thread 0x761b5010  384             java.lang.invoke.DirectMethodHandle$Holder::newInvokeSpecial (24 bytes)
Event: 56.668 Thread 0x761b5010 nmethod 384 0x7405a288 code [0x7405a3a0, 0x7405a4cc]
Event: 56.669 Thread 0x761b5010  385             java.util.concurrent.CopyOnWriteArrayList::forEach (47 bytes)
Event: 56.670 Thread 0x761b5010 nmethod 385 0x7405a608 code [0x7405a720, 0x7405a8a0]
Event: 57.418 Thread 0x761b5010  386             java.util.concurrent.CopyOnWriteArraySet::forEach (9 bytes)
Event: 57.419 Thread 0x761b5010 nmethod 386 0x7405a9c8 code [0x7405aad0, 0x7405ab74]
Event: 62.792 Thread 0x761b5010  388             java.lang.Class::getPackageName (81 bytes)
Event: 62.795 Thread 0x761b5010 nmethod 388 0x7405ae48 code [0x7405afa0, 0x7405b1c8]
Event: 62.815 Thread 0x761b5010  390             jdk.internal.org.objectweb.asm.ClassReader::readUnsignedShort (26 bytes)
Event: 62.816 Thread 0x761b5010 nmethod 390 0x7405b548 code [0x7405b640, 0x7405b718]
Event: 62.834 Thread 0x761b5010  391             jdk.internal.reflect.ClassFileAssembler::emitByte (11 bytes)
Event: 62.835 Thread 0x761b5010 nmethod 391 0x7405b7c8 code [0x7405b8d0, 0x7405b9a4]
Event: 62.835 Thread 0x761b5010  392             jdk.internal.reflect.ByteVectorImpl::add (38 bytes)
Event: 62.836 Thread 0x761b5010 nmethod 392 0x7405ba48 code [0x7405bb50, 0x7405bc54]
Event: 62.838 Thread 0x761b5010  393             com.pi4j.common.IdentityBase::id (5 bytes)
Event: 62.839 Thread 0x761b5010 nmethod 393 0x7405bd08 code [0x7405be00, 0x7405be88]
Event: 62.865 Thread 0x761b5010  394             java.lang.invoke.DirectMethodHandle::internalMemberName (5 bytes)
Event: 62.866 Thread 0x761b5010 nmethod 394 0x7405bec8 code [0x7405bfc0, 0x7405c048]

GC Heap History (4 events):
Event: 1.158 GC heap before
{Heap before GC invocations=0 (full 0):
 def new generation   total 4864K, used 4352K [0x65600000, 0x65b40000, 0x6a340000)
  eden space 4352K, 100% used [0x65600000, 0x65a40000, 0x65a40000)
  from space 512K,   0% used [0x65a40000, 0x65a40000, 0x65ac0000)
  to   space 512K,   0% used [0x65ac0000, 0x65ac0000, 0x65b40000)
 tenured generation   total 11008K, used 0K [0x6a340000, 0x6ae00000, 0x73e00000)
   the space 11008K,   0% used [0x6a340000, 0x6a340000, 0x6a340200, 0x6ae00000)
 Metaspace       used 5559K, committed 5632K, reserved 16384K
}
Event: 1.172 GC heap after
{Heap after GC invocations=1 (full 0):
 def new generation   total 4864K, used 512K [0x65600000, 0x65b40000, 0x6a340000)
  eden space 4352K,   0% used [0x65600000, 0x65600000, 0x65a40000)
  from space 512K, 100% used [0x65ac0000, 0x65b40000, 0x65b40000)
  to   space 512K,   0% used [0x65a40000, 0x65a40000, 0x65ac0000)
 tenured generation   total 11008K, used 479K [0x6a340000, 0x6ae00000, 0x73e00000)
   the space 11008K,   4% used [0x6a340000, 0x6a3b7c48, 0x6a3b7e00, 0x6ae00000)
 Metaspace       used 5559K, committed 5632K, reserved 16384K
}
Event: 62.842 GC heap before
{Heap before GC invocations=1 (full 0):
 def new generation   total 4864K, used 4864K [0x65600000, 0x65b40000, 0x6a340000)
  eden space 4352K, 100% used [0x65600000, 0x65a40000, 0x65a40000)
  from space 512K, 100% used [0x65ac0000, 0x65b40000, 0x65b40000)
  to   space 512K,   0% used [0x65a40000, 0x65a40000, 0x65ac0000)
 tenured generation   total 11008K, used 479K [0x6a340000, 0x6ae00000, 0x73e00000)
   the space 11008K,   4% used [0x6a340000, 0x6a3b7c48, 0x6a3b7e00, 0x6ae00000)
 Metaspace       used 6602K, committed 6720K, reserved 16384K
}
Event: 62.862 GC heap after
{Heap after GC invocations=2 (full 0):
 def new generation   total 4864K, used 456K [0x65600000, 0x65b40000, 0x6a340000)
  eden space 4352K,   0% used [0x65600000, 0x65600000, 0x65a40000)
  from space 512K,  89% used [0x65a40000, 0x65ab2030, 0x65ac0000)
  to   space 512K,   0% used [0x65ac0000, 0x65ac0000, 0x65b40000)
 tenured generation   total 11008K, used 988K [0x6a340000, 0x6ae00000, 0x73e00000)
   the space 11008K,   8% used [0x6a340000, 0x6a437358, 0x6a437400, 0x6ae00000)
 Metaspace       used 6602K, committed 6720K, reserved 16384K
}

Dll operation events (7 events):
Event: 0.008 Loaded shared library /usr/lib/jvm/java-17-openjdk-armhf/lib/libjava.so
Event: 0.345 Loaded shared library /usr/lib/jvm/java-17-openjdk-armhf/lib/libnio.so
Event: 0.375 Loaded shared library /usr/lib/jvm/java-17-openjdk-armhf/lib/libzip.so
Event: 0.444 Loaded shared library /usr/lib/jvm/java-17-openjdk-armhf/lib/libverify.so
Event: 0.471 Loaded shared library /usr/lib/jvm/java-17-openjdk-armhf/lib/libjimage.so
Event: 0.477 Loaded shared library /usr/lib/jvm/java-17-openjdk-armhf/lib/libnet.so
Event: 1.679 Loaded shared library /tmp/libpi4j-pigpio8487250087576268097.so

Deoptimization events (0 events):
No events

Classes unloaded (0 events):
No events

Classes redefined (0 events):
No events

Internal exceptions (6 events):
Event: 0.729 Thread 0x761102d0 Exception <a 'java/lang/NoSuchMethodError'{0x657c88f8}: 'void java.lang.invoke.DirectMethodHandle$Holder.invokeSpecial(java.lang.Object, java.lang.Object, java.lang.Object, java.lang.Object, java.lang.Object)'> (0x657c88f8) 
thrown [../../src/hotspot/share/interpreter/linkResolver.cpp, line 758]
Event: 0.919 Thread 0x761102d0 Exception <a 'java/lang/NoSuchMethodError'{0x658e4b98}: 'void java.lang.invoke.DirectMethodHandle$Holder.invokeStatic(java.lang.Object, java.lang.Object, java.lang.Object)'> (0x658e4b98) 
thrown [../../src/hotspot/share/interpreter/linkResolver.cpp, line 758]
Event: 1.089 Thread 0x761102d0 Exception <a 'java/lang/NoSuchMethodError'{0x659e2368}: 'java.lang.Object java.lang.invoke.Invokers$Holder.invokeExact_MT(java.lang.Object, java.lang.Object, java.lang.Object, java.lang.Object, java.lang.Object, java.lang.Object)'> (0x659e2368) 
thrown [../../src/hotspot/share/interpreter/linkResolver.cpp, line 758]
Event: 1.437 Thread 0x761102d0 Exception <a 'java/lang/NoSuchMethodError'{0x65822c20}: 'void java.lang.invoke.DirectMethodHandle$Holder.invokeStatic(java.lang.Object, java.lang.Object, java.lang.Object, java.lang.Object)'> (0x65822c20) 
thrown [../../src/hotspot/share/interpreter/linkResolver.cpp, line 758]
Event: 1.776 Thread 0x761102d0 Exception <a 'java/lang/NoSuchMethodError'{0x65964d40}: 'void java.lang.invoke.DirectMethodHandle$Holder.invokeSpecial(java.lang.Object, java.lang.Object, java.lang.Object)'> (0x65964d40) 
thrown [../../src/hotspot/share/interpreter/linkResolver.cpp, line 758]
Event: 62.806 Thread 0x65402338 Exception <a 'java/lang/NoSuchMethodError'{0x65a27bf8}: 'int java.lang.invoke.DirectMethodHandle$Holder.invokeSpecial(java.lang.Object, java.lang.Object, java.lang.Object)'> (0x65a27bf8) 
thrown [../../src/hotspot/share/interpreter/linkResolver.cpp, line 758]

VM Operations (12 events):
Event: 0.388 Executing VM operation: HandshakeAllThreads
Event: 0.388 Executing VM operation: HandshakeAllThreads done
Event: 0.606 Executing VM operation: HandshakeAllThreads
Event: 0.606 Executing VM operation: HandshakeAllThreads done
Event: 1.158 Executing VM operation: GenCollectForAllocation
Event: 1.172 Executing VM operation: GenCollectForAllocation done
Event: 2.172 Executing VM operation: Cleanup
Event: 2.172 Executing VM operation: Cleanup done
Event: 60.225 Executing VM operation: HandshakeAllThreads
Event: 60.225 Executing VM operation: HandshakeAllThreads done
Event: 62.842 Executing VM operation: GenCollectForAllocation
Event: 62.862 Executing VM operation: GenCollectForAllocation done

Events (20 events):
Event: 62.825 loading class jdk/internal/reflect/ByteVectorImpl
Event: 62.825 loading class jdk/internal/reflect/ByteVector
Event: 62.825 loading class jdk/internal/reflect/ByteVector done
Event: 62.825 loading class jdk/internal/reflect/ByteVectorImpl done
Event: 62.825 loading class jdk/internal/reflect/ClassFileAssembler
Event: 62.826 loading class jdk/internal/reflect/ClassFileAssembler done
Event: 62.827 loading class jdk/internal/reflect/UTF8
Event: 62.827 loading class jdk/internal/reflect/UTF8 done
Event: 62.830 loading class jdk/internal/reflect/Label
Event: 62.830 loading class jdk/internal/reflect/Label done
Event: 62.830 loading class jdk/internal/reflect/Label$PatchInfo
Event: 62.830 loading class jdk/internal/reflect/Label$PatchInfo done
Event: 62.831 loading class jdk/internal/reflect/MethodAccessorGenerator$1
Event: 62.831 loading class jdk/internal/reflect/MethodAccessorGenerator$1 done
Event: 62.831 loading class jdk/internal/reflect/ClassDefiner
Event: 62.832 loading class jdk/internal/reflect/ClassDefiner done
Event: 62.832 loading class jdk/internal/reflect/ClassDefiner$1
Event: 62.832 loading class jdk/internal/reflect/ClassDefiner$1 done
Event: 62.833 loading class java/lang/Class$1
Event: 62.833 loading class java/lang/Class$1 done


Dynamic libraries:
00010000-00011000 r-xp 00000000 b3:02 275690     /usr/lib/jvm/java-17-openjdk-armhf/bin/java
00011000-00012000 r--p 00000000 b3:02 275690     /usr/lib/jvm/java-17-openjdk-armhf/bin/java
00012000-00013000 rw-p 00001000 b3:02 275690     /usr/lib/jvm/java-17-openjdk-armhf/bin/java
00953000-00a4a000 rw-p 00000000 00:00 0          [heap]
62f0b000-62f0e000 ---p 00000000 00:00 0 
62f0e000-62f5b000 rw-p 00000000 00:00 0 
62f5b000-62f5e000 ---p 00000000 00:00 0 
62f5e000-62fab000 rw-p 00000000 00:00 0 
62fab000-62fac000 ---p 00000000 00:00 0 
62fac000-62faf000 ---p 00000000 00:00 0 
62faf000-62fec000 rw-p 00000000 00:00 0 
63410000-6344d000 r-xp 00000000 b3:02 135924     /usr/lib/libpigpio.so.1
6344d000-6345d000 ---p 0003d000 b3:02 135924     /usr/lib/libpigpio.so.1
6345d000-6345e000 r--p 0003d000 b3:02 135924     /usr/lib/libpigpio.so.1
6345e000-63460000 rw-p 0003e000 b3:02 135924     /usr/lib/libpigpio.so.1
63460000-634f4000 rw-p 00000000 00:00 0 
63500000-635aa000 rw-p 00000000 00:00 0 
635aa000-63600000 ---p 00000000 00:00 0 
636df000-636e2000 ---p 00000000 00:00 0 
636e2000-6372f000 rw-p 00000000 00:00 0 
6372f000-63730000 ---p 00000000 00:00 0 
63730000-637b0000 rw-p 00000000 00:00 0 
637b0000-637b3000 ---p 00000000 00:00 0 
637b3000-63800000 rw-p 00000000 00:00 0 
63800000-63821000 rw-p 00000000 00:00 0 
63821000-63900000 ---p 00000000 00:00 0 
63900000-639f7000 rw-p 00000000 00:00 0 
639f7000-63a00000 ---p 00000000 00:00 0 
63a00000-63a21000 rw-p 00000000 00:00 0 
63a21000-63b00000 ---p 00000000 00:00 0 
63b06000-63b09000 ---p 00000000 00:00 0 
63b09000-63b86000 rw-p 00000000 00:00 0 
63b86000-63e00000 r--p 0006f000 b3:02 145530     /usr/lib/locale/locale-archive
63e00000-64000000 r--p 00000000 b3:02 145530     /usr/lib/locale/locale-archive
64000000-643f0000 rw-p 00000000 00:00 0 
643f0000-644f0000 rw-p 00000000 00:00 0 
644f0000-64670000 rw-p 00000000 00:00 0 
64670000-64700000 ---p 00000000 00:00 0 
64700000-64720000 rw-p 00000000 00:00 0 
64720000-65000000 ---p 00000000 00:00 0 
65010000-65013000 ---p 00000000 00:00 0 
65013000-65060000 rw-p 00000000 00:00 0 
65060000-65063000 ---p 00000000 00:00 0 
65063000-650b0000 rw-p 00000000 00:00 0 
650b0000-650b3000 ---p 00000000 00:00 0 
650b3000-65100000 rw-p 00000000 00:00 0 
65100000-65121000 rw-p 00000000 00:00 0 
65121000-65200000 ---p 00000000 00:00 0 
65200000-65221000 rw-p 00000000 00:00 0 
65221000-65300000 ---p 00000000 00:00 0 
65300000-65321000 rw-p 00000000 00:00 0 
65321000-65400000 ---p 00000000 00:00 0 
65400000-65421000 rw-p 00000000 00:00 0 
65421000-65500000 ---p 00000000 00:00 0 
65510000-65513000 ---p 00000000 00:00 0 
65513000-65560000 rw-p 00000000 00:00 0 
65560000-65563000 ---p 00000000 00:00 0 
65563000-655b0000 rw-p 00000000 00:00 0 
655b0000-655b3000 ---p 00000000 00:00 0 
655b3000-65b40000 rw-p 00000000 00:00 0 
65b40000-6a340000 ---p 00000000 00:00 0 
6a340000-6ae00000 rw-p 00000000 00:00 0 
6ae00000-73e00000 ---p 00000000 00:00 0 
73e09000-73e10000 r--s 00000000 b3:02 137822     /usr/lib/arm-linux-gnueabihf/gconv/gconv-modules.cache
73e10000-73e16000 r-xp 00000000 b3:02 209378     /tmp/libpi4j-pigpio8487250087576268097.so (deleted)
73e16000-73e1e000 ---p 00006000 b3:02 209378     /tmp/libpi4j-pigpio8487250087576268097.so (deleted)
73e1e000-73e1f000 rw-p 00006000 b3:02 209378     /tmp/libpi4j-pigpio8487250087576268097.so (deleted)
73e23000-73e35000 r-xp 00000000 b3:02 275829     /usr/lib/jvm/java-17-openjdk-armhf/lib/libnet.so
73e35000-73e36000 r--p 00011000 b3:02 275829     /usr/lib/jvm/java-17-openjdk-armhf/lib/libnet.so
73e36000-73e37000 rw-p 00012000 b3:02 275829     /usr/lib/jvm/java-17-openjdk-armhf/lib/libnet.so
73e37000-73e46000 r-xp 00000000 b3:02 275830     /usr/lib/jvm/java-17-openjdk-armhf/lib/libnio.so
73e46000-73e47000 r--p 0000e000 b3:02 275830     /usr/lib/jvm/java-17-openjdk-armhf/lib/libnio.so
73e47000-73e48000 rw-p 0000f000 b3:02 275830     /usr/lib/jvm/java-17-openjdk-armhf/lib/libnio.so
73e48000-73e49000 ---p 00000000 00:00 0 
73e49000-73f27000 rw-p 00000000 00:00 0 
73f27000-73f4a000 ---p 00000000 00:00 0 
73f4a000-73f50000 rw-p 00000000 00:00 0 
73f50000-73f98000 ---p 00000000 00:00 0 
73f98000-73f99000 rw-p 00000000 00:00 0 
73f99000-74061000 rwxp 00000000 00:00 0 
74061000-75f99000 ---p 00000000 00:00 0 
75f99000-76100000 r--s 00000000 b3:02 275838     /usr/lib/jvm/java-17-openjdk-armhf/lib/modules
76100000-76200000 rw-p 00000000 00:00 0 
76205000-76206000 rw-s 3f100000 00:05 3          /dev/mem
76206000-7620c000 rw-p 00000000 00:00 0 
7620c000-76254000 ---p 00000000 00:00 0 
76254000-76258000 rw-p 00000000 00:00 0 
76258000-762d4000 ---p 00000000 00:00 0 
762d4000-762ee000 r-xp 00000000 b3:02 275817     /usr/lib/jvm/java-17-openjdk-armhf/lib/libjava.so
762ee000-762ef000 r--p 00019000 b3:02 275817     /usr/lib/jvm/java-17-openjdk-armhf/lib/libjava.so
762ef000-762f0000 rw-p 0001a000 b3:02 275817     /usr/lib/jvm/java-17-openjdk-armhf/lib/libjava.so
762f0000-762f3000 ---p 00000000 00:00 0 
762f3000-76340000 rw-p 00000000 00:00 0 
76340000-7635b000 r-xp 00000000 b3:02 136409     /usr/lib/arm-linux-gnueabihf/libgcc_s.so.1
7635b000-7636f000 ---p 0001b000 b3:02 136409     /usr/lib/arm-linux-gnueabihf/libgcc_s.so.1
7636f000-76370000 r--p 0001f000 b3:02 136409     /usr/lib/arm-linux-gnueabihf/libgcc_s.so.1
76370000-76371000 rw-p 00020000 b3:02 136409     /usr/lib/arm-linux-gnueabihf/libgcc_s.so.1
76376000-76377000 r-xp 00000000 b3:02 136775     /usr/lib/arm-linux-gnueabihf/libpthread.so.0
76377000-76378000 r--p 00000000 b3:02 136775     /usr/lib/arm-linux-gnueabihf/libpthread.so.0
76378000-76379000 rw-p 00001000 b3:02 136775     /usr/lib/arm-linux-gnueabihf/libpthread.so.0
76379000-763be000 r-xp 00000000 b3:02 136615     /usr/lib/arm-linux-gnueabihf/libm.so.6
763be000-763bf000 r--p 00044000 b3:02 136615     /usr/lib/arm-linux-gnueabihf/libm.so.6
763bf000-763c0000 rw-p 00045000 b3:02 136615     /usr/lib/arm-linux-gnueabihf/libm.so.6
763c0000-7656f000 r-xp 00000000 b3:02 136862     /usr/lib/arm-linux-gnueabihf/libstdc++.so.6.0.30
7656f000-7657b000 ---p 001af000 b3:02 136862     /usr/lib/arm-linux-gnueabihf/libstdc++.so.6.0.30
7657b000-76580000 r--p 001bb000 b3:02 136862     /usr/lib/arm-linux-gnueabihf/libstdc++.so.6.0.30
76580000-76582000 rw-p 001c0000 b3:02 136862     /usr/lib/arm-linux-gnueabihf/libstdc++.so.6.0.30
76582000-76584000 rw-p 00000000 00:00 0 
76584000-76585000 r-xp 00000000 b3:02 136801     /usr/lib/arm-linux-gnueabihf/librt.so.1
76585000-76586000 r--p 00000000 b3:02 136801     /usr/lib/arm-linux-gnueabihf/librt.so.1
76586000-76587000 rw-p 00001000 b3:02 136801     /usr/lib/arm-linux-gnueabihf/librt.so.1
76587000-76590000 r-xp 00000000 b3:02 275836     /usr/lib/jvm/java-17-openjdk-armhf/lib/libverify.so
76590000-76591000 r--p 00009000 b3:02 275836     /usr/lib/jvm/java-17-openjdk-armhf/lib/libverify.so
76591000-76592000 rw-p 0000a000 b3:02 275836     /usr/lib/jvm/java-17-openjdk-armhf/lib/libverify.so
76592000-76d0a000 r-xp 00000000 b3:02 275798     /usr/lib/jvm/java-17-openjdk-armhf/lib/client/libjvm.so
76d0a000-76d21000 r--p 00778000 b3:02 275798     /usr/lib/jvm/java-17-openjdk-armhf/lib/client/libjvm.so
76d21000-76d31000 rw-p 0078f000 b3:02 275798     /usr/lib/jvm/java-17-openjdk-armhf/lib/client/libjvm.so
76d31000-76d57000 rw-p 00000000 00:00 0 
76d57000-76ec3000 r-xp 00000000 b3:02 136261     /usr/lib/arm-linux-gnueabihf/libc.so.6
76ec3000-76ec5000 r--p 0016c000 b3:02 136261     /usr/lib/arm-linux-gnueabihf/libc.so.6
76ec5000-76ec6000 rw-p 0016e000 b3:02 136261     /usr/lib/arm-linux-gnueabihf/libc.so.6
76ec6000-76ed0000 rw-p 00000000 00:00 0 
76ed0000-76ee6000 r-xp 00000000 b3:02 136994     /usr/lib/arm-linux-gnueabihf/libz.so.1.2.13
76ee6000-76eff000 ---p 00016000 b3:02 136994     /usr/lib/arm-linux-gnueabihf/libz.so.1.2.13
76eff000-76f00000 r--p 0001f000 b3:02 136994     /usr/lib/arm-linux-gnueabihf/libz.so.1.2.13
76f00000-76f01000 rw-p 00020000 b3:02 136994     /usr/lib/arm-linux-gnueabihf/libz.so.1.2.13
76f01000-76f0d000 r-xp 00000000 b3:02 275821     /usr/lib/jvm/java-17-openjdk-armhf/lib/libjli.so
76f0d000-76f0e000 r--p 0000c000 b3:02 275821     /usr/lib/jvm/java-17-openjdk-armhf/lib/libjli.so
76f0e000-76f0f000 rw-p 0000d000 b3:02 275821     /usr/lib/jvm/java-17-openjdk-armhf/lib/libjli.so
76f10000-76f16000 r-xp 00000000 b3:02 275837     /usr/lib/jvm/java-17-openjdk-armhf/lib/libzip.so
76f16000-76f17000 r--p 00005000 b3:02 275837     /usr/lib/jvm/java-17-openjdk-armhf/lib/libzip.so
76f17000-76f18000 rw-p 00006000 b3:02 275837     /usr/lib/jvm/java-17-openjdk-armhf/lib/libzip.so
76f18000-76f20000 rw-s 00000000 b3:02 262183     /tmp/hsperfdata_root/3237
76f20000-76f24000 r-xp 00000000 b3:02 136198     /usr/lib/arm-linux-gnueabihf/libarmmem-v7l.so
76f24000-76f33000 ---p 00004000 b3:02 136198     /usr/lib/arm-linux-gnueabihf/libarmmem-v7l.so
76f33000-76f34000 r--p 00003000 b3:02 136198     /usr/lib/arm-linux-gnueabihf/libarmmem-v7l.so
76f34000-76f35000 rw-p 00004000 b3:02 136198     /usr/lib/arm-linux-gnueabihf/libarmmem-v7l.so
76f37000-76f38000 ---p 00000000 00:00 0 
76f38000-76f39000 r--p 00000000 00:00 0 
76f39000-76f3a000 ---p 00000000 00:00 0 
76f3a000-76f3d000 r-xp 00000000 b3:02 275820     /usr/lib/jvm/java-17-openjdk-armhf/lib/libjimage.so
76f3d000-76f3e000 r--p 00003000 b3:02 275820     /usr/lib/jvm/java-17-openjdk-armhf/lib/libjimage.so
76f3e000-76f3f000 rw-p 00004000 b3:02 275820     /usr/lib/jvm/java-17-openjdk-armhf/lib/libjimage.so
76f3f000-76f43000 rw-p 00000000 00:00 0 
76f43000-76f6a000 r-xp 00000000 b3:02 135968     /usr/lib/arm-linux-gnueabihf/ld-linux-armhf.so.3
76f6a000-76f6b000 r--p 00027000 b3:02 135968     /usr/lib/arm-linux-gnueabihf/ld-linux-armhf.so.3
76f6b000-76f6c000 rw-p 00028000 b3:02 135968     /usr/lib/arm-linux-gnueabihf/ld-linux-armhf.so.3
7ec83000-7eca4000 rw-p 00000000 00:00 0          [stack]
7ed26000-7ed27000 r-xp 00000000 00:00 0          [sigpage]
7ed27000-7ed28000 r--p 00000000 00:00 0          [vvar]
7ed28000-7ed29000 r-xp 00000000 00:00 0          [vdso]
ffff0000-ffff1000 r-xp 00000000 00:00 0          [vectors]


VM Arguments:
java_command: target/school-work-0.0.1-SNAPSHOT.jar
java_class_path (initial): target/school-work-0.0.1-SNAPSHOT.jar
Launcher Type: SUN_STANDARD

[Global flags]
     intx CICompilerCount                          = 1                                         {product} {ergonomic}
    uintx CodeCacheExpansionSize                   = 32768                                  {pd product} {ergonomic}
    uintx InitialCodeCacheSize                     = 163840                                 {pd product} {ergonomic}
   size_t InitialHeapSize                          = 16777216                                  {product} {ergonomic}
   size_t MaxHeapSize                              = 243269632                                 {product} {ergonomic}
   size_t MaxNewSize                               = 81002496                                  {product} {ergonomic}
   size_t MinHeapDeltaBytes                        = 131072                                    {product} {ergonomic}
   size_t MinHeapSize                              = 6291456                                   {product} {ergonomic}
     bool NeverActAsServerClassMachine             = true                                   {pd product} {ergonomic}
   size_t NewSize                                  = 5505024                                   {product} {ergonomic}
    uintx NonNMethodCodeHeapSize                   = 5242880                                {pd product} {ergonomic}
    uintx NonProfiledCodeHeapSize                  = 0                                      {pd product} {ergonomic}
   size_t OldSize                                  = 11272192                                  {product} {ergonomic}
     bool ProfileInterpreter                       = false                                  {pd product} {ergonomic}
    uintx ProfiledCodeHeapSize                     = 0                                      {pd product} {ergonomic}
    uintx ReservedCodeCacheSize                    = 33554432                               {pd product} {ergonomic}
   size_t SoftMaxHeapSize                          = 243269632                              {manageable} {ergonomic}
     bool UseSerialGC                              = true                                      {product} {ergonomic}

Logging:
Log output configuration:
 #0: stdout all=warning uptime,level,tags
 #1: stderr all=off uptime,level,tags

Environment Variables:
PATH=/usr/local/sbin:/usr/local/bin:/usr/sbin:/usr/bin:/sbin:/bin
SHELL=/bin/bash
LANG=en_GB.UTF-8
TERM=xterm-256color

Active Locale:
LC_ALL=en_GB.UTF-8
LC_COLLATE=en_GB.UTF-8
LC_CTYPE=en_GB.UTF-8
LC_MESSAGES=en_GB.UTF-8
LC_MONETARY=en_GB.UTF-8
LC_NUMERIC=en_GB.UTF-8
LC_TIME=en_GB.UTF-8

Signal Handlers:
   SIGSEGV: crash_handler in libjvm.so, mask=11100100010111111101111111111110, flags=SA_RESTART|SA_SIGINFO, unblocked
    SIGBUS: crash_handler in libjvm.so, mask=11100100010111111101111111111110, flags=SA_RESTART|SA_SIGINFO, unblocked
    SIGFPE: crash_handler in libjvm.so, mask=11100100010111111101111111111110, flags=SA_RESTART|SA_SIGINFO, unblocked
   SIGPIPE: javaSignalHandler in libjvm.so, mask=11100100010111111101111111111110, flags=SA_RESTART|SA_SIGINFO, blocked
   SIGXFSZ: javaSignalHandler in libjvm.so, mask=11100100010111111101111111111110, flags=SA_RESTART|SA_SIGINFO, blocked
    SIGILL: crash_handler in libjvm.so, mask=11100100010111111101111111111110, flags=SA_RESTART|SA_SIGINFO, unblocked
   SIGUSR2: SR_handler in libjvm.so, mask=00000000000000000000000000000000, flags=SA_RESTART|SA_SIGINFO, blocked
    SIGHUP: UserHandler in libjvm.so, mask=11100100010111111101111111111110, flags=SA_RESTART|SA_SIGINFO, blocked
    SIGINT: UserHandler in libjvm.so, mask=11100100010111111101111111111110, flags=SA_RESTART|SA_SIGINFO, blocked
   SIGTERM: UserHandler in libjvm.so, mask=11100100010111111101111111111110, flags=SA_RESTART|SA_SIGINFO, blocked
   SIGQUIT: UserHandler in libjvm.so, mask=11100100010111111101111111111110, flags=SA_RESTART|SA_SIGINFO, blocked
   SIGTRAP: crash_handler in libjvm.so, mask=11100100010111111101111111111110, flags=SA_RESTART|SA_SIGINFO, unblocked


Periodic native trim disabled


---------------  S Y S T E M  ---------------

OS:
PRETTY_NAME="Raspbian GNU/Linux 12 (bookworm)"
NAME="Raspbian GNU/Linux"
VERSION_ID="12"
VERSION="12 (bookworm)"
VERSION_CODENAME=bookworm
ID=raspbian
ID_LIKE=debian
HOME_URL="http://www.raspbian.org/"
SUPPORT_URL="http://www.raspbian.org/RaspbianForums"
BUG_REPORT_URL="http://www.raspbian.org/RaspbianBugs"
uname: Linux 6.1.0-rpi7-rpi-v7 #1 SMP Raspbian 1:6.1.63-1+rpt1 (2023-11-24) armv7l
OS uptime: 0 days 1:34 hours
libc: glibc 2.36 NPTL 2.36 
rlimit (soft/hard): STACK 8192k/infinity , CORE 0k/0k , NPROC 5197/5197 , NOFILE 1048576/1048576 , AS infinity/infinity , CPU infinity/infinity , DATA infinity/infinity , FSIZE infinity/infinity , MEMLOCK 118008k/118008k
load average: 0.34 0.28 0.27

/proc/meminfo:
MemTotal:         944092 kB
MemFree:          263584 kB
MemAvailable:     709856 kB
Buffers:           31648 kB
Cached:           454104 kB
SwapCached:            0 kB
Active:           358476 kB
Inactive:         252112 kB
Active(anon):     127872 kB
Inactive(anon):     1268 kB
Active(file):     230604 kB
Inactive(file):   250844 kB
Unevictable:          20 kB
Mlocked:              20 kB
SwapTotal:        102396 kB
SwapFree:         102396 kB
Zswap:                 0 kB
Zswapped:              0 kB
Dirty:               104 kB
Writeback:             0 kB
AnonPages:        124888 kB
Mapped:           140320 kB
Shmem:              4296 kB
KReclaimable:      19760 kB
Slab:              37840 kB
SReclaimable:      19760 kB
SUnreclaim:        18080 kB
KernelStack:        1896 kB
PageTables:         4316 kB
SecPageTables:         0 kB
NFS_Unstable:          0 kB
Bounce:                0 kB
WritebackTmp:          0 kB
CommitLimit:      574440 kB
Committed_AS:    1033208 kB
VmallocTotal:    1114112 kB
VmallocUsed:        8288 kB
VmallocChunk:          0 kB
Percpu:              464 kB
CmaTotal:         262144 kB
CmaFree:          198148 kB

/sys/kernel/mm/transparent_hugepage/enabled: <Not Available>
/sys/kernel/mm/transparent_hugepage/defrag (defrag/compaction efforts parameter): <Not Available>

Process Memory:
Virtual Size: 326364K (peak: 336444K)
Resident Set Size: 31764K (peak: 35808K) (anon: 20384K, file: 11380K, shmem: 0K)
Swapped out: 0K
C-Heap outstanding allocations: 6206K, retained: 1217K
glibc malloc tunables: (default)

/proc/sys/kernel/threads-max (system-wide limit on the number of threads): 10395
/proc/sys/vm/max_map_count (maximum number of memory map areas a process may have): 65530
/proc/sys/kernel/pid_max (system-wide limit on number of process identifiers): 32768

/etc/ld.so.preload:
/usr/lib/arm-linux-gnueabihf/libarmmem-${PLATFORM}.so

container information not found.
Steal ticks since vm start: 0
Steal ticks percentage since vm start:  0.000

CPU: total 4 (initial active 4) (ARMv7), vfp, mp_ext
/proc/cpuinfo:
processor	: 0
model name	: ARMv7 Processor rev 4 (v7l)
BogoMIPS	: 76.80
Features	: half thumb fastmult vfp edsp neon vfpv3 tls vfpv4 idiva idivt vfpd32 lpae evtstrm crc32 
CPU implementer	: 0x41
CPU architecture: 7
CPU variant	: 0x0
CPU part	: 0xd03
CPU revision	: 4

processor	: 1
model name	: ARMv7 Processor rev 4 (v7l)
BogoMIPS	: 76.80
Features	: half thumb fastmult vfp edsp neon vfpv3 tls vfpv4 idiva idivt vfpd32 lpae evtstrm crc32 
CPU implementer	: 0x41
CPU architecture: 7
CPU variant	: 0x0
CPU part	: 0xd03
CPU revision	: 4

processor	: 2
model name	: ARMv7 Processor rev 4 (v7l)
BogoMIPS	: 76.80
Features	: half thumb fastmult vfp edsp neon vfpv3 tls vfpv4 idiva idivt vfpd32 lpae evtstrm crc32 
CPU implementer	: 0x41
CPU architecture: 7
CPU variant	: 0x0
CPU part	: 0xd03
CPU revision	: 4

processor	: 3
model name	: ARMv7 Processor rev 4 (v7l)
BogoMIPS	: 76.80
Features	: half thumb fastmult vfp edsp neon vfpv3 tls vfpv4 idiva idivt vfpd32 lpae evtstrm crc32 
CPU implementer	: 0x41
CPU architecture: 7
CPU variant	: 0x0
CPU part	: 0xd03
CPU revision	: 4

Hardware	: BCM2835
Revision	: a02082
Serial		: 000000004324d5f8
Model		: Raspberry Pi 3 Model B Rev 1.2

Online cpus: 0-3
Offline cpus: 

Memory: 4k page, physical 944092k(263584k free), swap 102396k(102396k free)
Page Sizes: 4k

vm_info: OpenJDK Client VM (17.0.9+9-Raspbian-1deb12u1rpt1) for linux-arm JRE (17.0.9+9-Raspbian-1deb12u1rpt1), built on Nov  7 2023 13:06:05 by "" with gcc 12.2.0

END.
